<?xml version="1.0" encoding="UTF-8"?>
<testsuite name="com.app.server.service.bloodbankboundedcontext.bloodbank.BloodStockTestCase" tests="6" skipped="0" failures="0" errors="0" timestamp="2016-06-08T12:28:40" hostname="12d311cb0219" time="0.322">
  <properties/>
  <testcase name="test1Save" classname="com.app.server.service.bloodbankboundedcontext.bloodbank.BloodStockTestCase" time="0.157"/>
  <testcase name="test2Update" classname="com.app.server.service.bloodbankboundedcontext.bloodbank.BloodStockTestCase" time="0.024"/>
  <testcase name="test3FindById" classname="com.app.server.service.bloodbankboundedcontext.bloodbank.BloodStockTestCase" time="0.013"/>
  <testcase name="test3findBybloodg" classname="com.app.server.service.bloodbankboundedcontext.bloodbank.BloodStockTestCase" time="0.013"/>
  <testcase name="test5NegativeTesting" classname="com.app.server.service.bloodbankboundedcontext.bloodbank.BloodStockTestCase" time="0.012"/>
  <testcase name="test6Delete" classname="com.app.server.service.bloodbankboundedcontext.bloodbank.BloodStockTestCase" time="0.101"/>
  <system-out><![CDATA[Wed Jun 08 12:28:40 UTC 2016|Log Manager Factory|Initialization Process started.....
Wed Jun 08 12:28:40 UTC 2016|Log Manager|Initialized with Path = [/home/applifire/workspace/bloodbankapp/src/main/webapp/WEB-INF/conf]
Wed Jun 08 12:28:40 UTC 2016|Alarm Manager|Initialized with Path = [/home/applifire/workspace/bloodbankapp/src/main/webapp/WEB-INF/conf]
Wed Jun 08 12:28:40 UTC 2016|Alarm Manager|Loading Alarms ......
Wed Jun 08 12:28:40 UTC 2016|Alarm XML Parser|FWA|XML Parsing Complete........ 
Wed Jun 08 12:28:40 UTC 2016|Alarm File Manager|FWA|Alarm File Status.. [ApplicationFrameworkAlarms.xml]|Version=15|Status=Done 
Wed Jun 08 12:28:40 UTC 2016|Alarm File Manager|FWA|Alarm Stats = ( BC/AL=4/564 SYS=4/10 [564/0]  TPL=0/0 [0/0]  APP= A.Map=[645]  E.Map EC/RC=[238/66] )
Wed Jun 08 12:28:40 UTC 2016|Alarm XML Parser|APP|XML Parsing Complete........ 
Wed Jun 08 12:28:40 UTC 2016|Alarm File Manager|APP|Alarm File Status.. [ApplicationAlarms.xml]|Version=1|Status=Done 
Wed Jun 08 12:28:40 UTC 2016|Alarm File Manager|APP|Alarm Stats = ( BC/AL=7/1050 SYS=4/10 [564/0]  TPL=0/0 [0/0]  APP=3/6 [486/0]  A.Map=[975]  E.Map EC/RC=[376/88] )
Wed Jun 08 12:28:40 UTC 2016|ApplicationAlarmContext| <><><><><> Create App Alarms ....  <><><><><> 
Wed Jun 08 12:28:40 UTC 2016|ApplicationAlarmContext|Alarms are generated ONLY in Development Mode.. 
Wed Jun 08 12:28:40 UTC 2016|Alarm Manager|APP|Alarm Stats = ( BC/AL=7/1050 SYS=4/10 [564/0]  TPL=0/0 [0/0]  APP=3/6 [486/0]  A.Map=[975]  E.Map EC/RC=[376/88] )
Wed Jun 08 12:28:40 UTC 2016|Alarm Manager|Initialized Exception Lookup...
Wed Jun 08 12:28:40 UTC 2016|Log Manager|Initialize Log Config File ......
Wed Jun 08 12:28:40 UTC 2016|Pluggable Connectors|Adding Connectors : StandardOutputConnector isEnabled=true isDefault=false isFallBack=true
Wed Jun 08 12:28:40 UTC 2016|Pluggable Connectors|Adding Connectors : StandardFileConnector isEnabled=true isDefault=false isFallBack=false
Wed Jun 08 12:28:40 UTC 2016|Pluggable Connectors|Adding Connectors : Sprinkler isEnabled=true isDefault=true isFallBack=false
Wed Jun 08 12:28:40 UTC 2016|Pluggable Connectors|Default Connector Name : com.spartan.logger.core.LogMessenger
Wed Jun 08 12:28:40 UTC 2016|Log Config Parser|Connector Least Log Level =[4]  FallBack Log Level =[3]
Wed Jun 08 12:28:40 UTC 2016|Log Manager|Loading Default Connector for Logging ......
Wed Jun 08 12:28:40 UTC 2016|Log Manager|Loading class .. com.spartan.logger.core.LogMessenger
Wed Jun 08 12:28:40 UTC 2016|Plugggable Connector|Connector class com.spartan.logger.core.LogMessenger Initialized... @ Log Level = 3
Wed Jun 08 12:28:40 UTC 2016|Log Manager|Starting the Default Connector [com.spartan.logger.core.LogMessenger@3992ae89] ....
Wed Jun 08 12:28:40 UTC 2016|Scheduler|Starting the Scheduler ......
Wed Jun 08 12:28:40 UTC 2016|Scheduler|Adding [LMID=[44537018-dfae-4f4a-ba36-64fda5ff4697]] Delay=5 Time Unit=MINUTES
Wed Jun 08 12:28:40 UTC 2016|Scheduler|Adding [App Alarm Manager File=[ApplicationAlarms.xml]] Delay=30 Time Unit=MINUTES
Wed Jun 08 12:28:40 UTC 2016|Scheduler|Adding [FW Alarm Manager File=[ApplicationFrameworkAlarms.xml]] Delay=3 Time Unit=MINUTES
Wed Jun 08 12:28:40 UTC 2016|Scheduler|Startup Completed..
Wed Jun 08 12:28:40 UTC 2016|Log Manager|Initialization Process Complete ......
Wed Jun 08 12:28:40 UTC 2016|Log Manager Factory|Log Manager READY! ID = 44537018-dfae-4f4a-ba36-64fda5ff4697
[EL Fine]: sql: 2016-06-08 12:28:40.211--ClientSession(38041780)--Connection(1411156304)--Thread(Thread[Test worker,5,main])--INSERT INTO ast_BloodGroup_M (bloodGroupId, bloodGroups, versionId, createdBy, createdDate, updatedBy, updatedDate, activeStatus, txnAccessCode) VALUES (?, ?, ?, ?, ?, ?, ?, ?, ?)
	bind => [A8FB2515-029B-486D-89C8-783492DD5848, qEwdCot9PqCiplzurA8A4wV2p5chCSe7povPOP2C25D64ypuja, 1, AAAAA, 2016-06-08 12:28:40.207, AAAAA, 2016-06-08 12:28:40.207, 1, 51000]
Setting logged in user info for ADD
[EL Fine]: sql: 2016-06-08 12:28:40.284--ClientSession(1420371853)--Connection(1411156304)--Thread(Thread[Test worker,5,main])--INSERT INTO ast_BloodStock_T (bloodStockIsd, bloodg, noOfUnits, versionId, createdBy, createdDate, updatedBy, updatedDate, activeStatus, txnAccessCode) VALUES (?, ?, ?, ?, ?, ?, ?, ?, ?, ?)
	bind => [F5BD1B5B-67B5-4409-BCE9-95D6A5D3171D, A8FB2515-029B-486D-89C8-783492DD5848, 2147483647, 1, AAAAA, 2016-06-08 12:28:40.279, AAAAA, 2016-06-08 12:28:40.279, 1, 51000]
[EL Fine]: sql: 2016-06-08 12:28:40.341--ClientSession(647683913)--Connection(1411156304)--Thread(Thread[Test worker,5,main])--SELECT bloodStockIsd, bloodg, noOfUnits, versionId, createdBy, createdDate, updatedBy, updatedDate, activeStatus, txnAccessCode FROM ast_BloodStock_T WHERE ((activeStatus = ?) AND (bloodStockIsd = ?))
	bind => [1, F5BD1B5B-67B5-4409-BCE9-95D6A5D3171D]
Setting logged in user info for UPDATE
[EL Fine]: sql: 2016-06-08 12:28:40.35--ClientSession(1527107005)--Connection(1411156304)--Thread(Thread[Test worker,5,main])--SELECT bloodStockIsd, bloodg, noOfUnits, versionId, createdBy, createdDate, updatedBy, updatedDate, activeStatus, txnAccessCode FROM ast_BloodStock_T WHERE (bloodStockIsd = ?)
	bind => [F5BD1B5B-67B5-4409-BCE9-95D6A5D3171D]
[EL Fine]: sql: 2016-06-08 12:28:40.363--ClientSession(637071965)--Connection(1411156304)--Thread(Thread[Test worker,5,main])--SELECT bloodStockIsd, bloodg, noOfUnits, versionId, createdBy, createdDate, updatedBy, updatedDate, activeStatus, txnAccessCode FROM ast_BloodStock_T WHERE ((activeStatus = ?) AND (bloodStockIsd = ?))
	bind => [1, F5BD1B5B-67B5-4409-BCE9-95D6A5D3171D]
[EL Fine]: sql: 2016-06-08 12:28:40.376--ClientSession(798608358)--Connection(1411156304)--Thread(Thread[Test worker,5,main])--SELECT bloodStockIsd, bloodg, noOfUnits, versionId, createdBy, createdDate, updatedBy, updatedDate, activeStatus, txnAccessCode FROM ast_BloodStock_T WHERE ((activeStatus = ?) AND (bloodg = ?))
	bind => [1, A8FB2515-029B-486D-89C8-783492DD5848]
[EL Fine]: sql: 2016-06-08 12:28:40.4--ClientSession(862308732)--Connection(1411156304)--Thread(Thread[Test worker,5,main])--SELECT bloodStockIsd, bloodg, noOfUnits, versionId, createdBy, createdDate, updatedBy, updatedDate, activeStatus, txnAccessCode FROM ast_BloodStock_T WHERE (bloodStockIsd = ?)
	bind => [F5BD1B5B-67B5-4409-BCE9-95D6A5D3171D]
[EL Fine]: sql: 2016-06-08 12:28:40.402--ClientSession(862308732)--Connection(1411156304)--Thread(Thread[Test worker,5,main])--DELETE FROM ast_BloodStock_T WHERE ((bloodStockIsd = ?) AND (versionId = ?))
	bind => [F5BD1B5B-67B5-4409-BCE9-95D6A5D3171D, 1]
[EL Fine]: sql: 2016-06-08 12:28:40.444--ClientSession(408954817)--Connection(1411156304)--Thread(Thread[Test worker,5,main])--SELECT bloodGroupId, bloodGroups, versionId, createdBy, createdDate, updatedBy, updatedDate, activeStatus, txnAccessCode FROM ast_BloodGroup_M WHERE (bloodGroupId = ?)
	bind => [A8FB2515-029B-486D-89C8-783492DD5848]
[EL Fine]: sql: 2016-06-08 12:28:40.446--ClientSession(408954817)--Connection(1411156304)--Thread(Thread[Test worker,5,main])--DELETE FROM ast_BloodGroup_M WHERE ((bloodGroupId = ?) AND (versionId = ?))
	bind => [A8FB2515-029B-486D-89C8-783492DD5848, 1]
]]></system-out>
  <system-err><![CDATA[BloodStock.noOfUnits may not be null
java.lang.SecurityException: BloodStock.noOfUnits may not be null
	at com.athena.server.pluggable.utils.helper.EntityValidatorHelper.validateEntity(EntityValidatorHelper.java:37)
	at com.app.shared.bloodbankboundedcontext.bloodbank.BloodStock.isValid(BloodStock.java:149)
	at com.app.server.service.bloodbankboundedcontext.bloodbank.BloodStockTestCase.validateBloodStock(BloodStockTestCase.java:204)
	at com.app.server.service.bloodbankboundedcontext.bloodbank.BloodStockTestCase.test5NegativeTesting(BloodStockTestCase.java:234)
	at sun.reflect.NativeMethodAccessorImpl.invoke0(Native Method)
	at sun.reflect.NativeMethodAccessorImpl.invoke(NativeMethodAccessorImpl.java:57)
	at sun.reflect.DelegatingMethodAccessorImpl.invoke(DelegatingMethodAccessorImpl.java:43)
	at java.lang.reflect.Method.invoke(Method.java:606)
	at org.junit.runners.model.FrameworkMethod$1.runReflectiveCall(FrameworkMethod.java:47)
	at org.junit.internal.runners.model.ReflectiveCallable.run(ReflectiveCallable.java:12)
	at org.junit.runners.model.FrameworkMethod.invokeExplosively(FrameworkMethod.java:44)
	at org.junit.internal.runners.statements.InvokeMethod.evaluate(InvokeMethod.java:17)
	at org.junit.internal.runners.statements.RunBefores.evaluate(RunBefores.java:26)
	at org.springframework.test.context.junit4.statements.RunBeforeTestMethodCallbacks.evaluate(RunBeforeTestMethodCallbacks.java:74)
	at org.junit.internal.runners.statements.RunAfters.evaluate(RunAfters.java:27)
	at org.springframework.test.context.junit4.statements.RunAfterTestMethodCallbacks.evaluate(RunAfterTestMethodCallbacks.java:83)
	at org.springframework.test.context.junit4.statements.SpringRepeat.evaluate(SpringRepeat.java:72)
	at org.springframework.test.context.junit4.SpringJUnit4ClassRunner.runChild(SpringJUnit4ClassRunner.java:233)
	at org.springframework.test.context.junit4.SpringJUnit4ClassRunner.runChild(SpringJUnit4ClassRunner.java:87)
	at org.junit.runners.ParentRunner$3.run(ParentRunner.java:238)
	at org.junit.runners.ParentRunner$1.schedule(ParentRunner.java:63)
	at org.junit.runners.ParentRunner.runChildren(ParentRunner.java:236)
	at org.junit.runners.ParentRunner.access$000(ParentRunner.java:53)
	at org.junit.runners.ParentRunner$2.evaluate(ParentRunner.java:229)
	at org.junit.internal.runners.statements.RunBefores.evaluate(RunBefores.java:26)
	at org.springframework.test.context.junit4.statements.RunBeforeTestClassCallbacks.evaluate(RunBeforeTestClassCallbacks.java:61)
	at org.springframework.test.context.junit4.statements.RunAfterTestClassCallbacks.evaluate(RunAfterTestClassCallbacks.java:71)
	at org.junit.runners.ParentRunner.run(ParentRunner.java:309)
	at org.springframework.test.context.junit4.SpringJUnit4ClassRunner.run(SpringJUnit4ClassRunner.java:176)
	at org.gradle.api.internal.tasks.testing.junit.JUnitTestClassExecuter.runTestClass(JUnitTestClassExecuter.java:86)
	at org.gradle.api.internal.tasks.testing.junit.JUnitTestClassExecuter.execute(JUnitTestClassExecuter.java:49)
	at org.gradle.api.internal.tasks.testing.junit.JUnitTestClassProcessor.processTestClass(JUnitTestClassProcessor.java:64)
	at org.gradle.api.internal.tasks.testing.SuiteTestClassProcessor.processTestClass(SuiteTestClassProcessor.java:50)
	at sun.reflect.NativeMethodAccessorImpl.invoke0(Native Method)
	at sun.reflect.NativeMethodAccessorImpl.invoke(NativeMethodAccessorImpl.java:57)
	at sun.reflect.DelegatingMethodAccessorImpl.invoke(DelegatingMethodAccessorImpl.java:43)
	at java.lang.reflect.Method.invoke(Method.java:606)
	at org.gradle.messaging.dispatch.ReflectionDispatch.dispatch(ReflectionDispatch.java:35)
	at org.gradle.messaging.dispatch.ReflectionDispatch.dispatch(ReflectionDispatch.java:24)
	at org.gradle.messaging.dispatch.ContextClassLoaderDispatch.dispatch(ContextClassLoaderDispatch.java:32)
	at org.gradle.messaging.dispatch.ProxyDispatchAdapter$DispatchingInvocationHandler.invoke(ProxyDispatchAdapter.java:93)
	at com.sun.proxy.$Proxy2.processTestClass(Unknown Source)
	at org.gradle.api.internal.tasks.testing.worker.TestWorker.processTestClass(TestWorker.java:106)
	at sun.reflect.NativeMethodAccessorImpl.invoke0(Native Method)
	at sun.reflect.NativeMethodAccessorImpl.invoke(NativeMethodAccessorImpl.java:57)
	at sun.reflect.DelegatingMethodAccessorImpl.invoke(DelegatingMethodAccessorImpl.java:43)
	at java.lang.reflect.Method.invoke(Method.java:606)
	at org.gradle.messaging.dispatch.ReflectionDispatch.dispatch(ReflectionDispatch.java:35)
	at org.gradle.messaging.dispatch.ReflectionDispatch.dispatch(ReflectionDispatch.java:24)
	at org.gradle.messaging.remote.internal.hub.MessageHub$Handler.run(MessageHub.java:360)
	at org.gradle.internal.concurrent.DefaultExecutorFactory$StoppableExecutorImpl$1.run(DefaultExecutorFactory.java:64)
	at java.util.concurrent.ThreadPoolExecutor.runWorker(ThreadPoolExecutor.java:1145)
	at java.util.concurrent.ThreadPoolExecutor$Worker.run(ThreadPoolExecutor.java:615)
	at java.lang.Thread.run(Thread.java:745)
]]></system-err>
</testsuite>
