<?xml version="1.0" encoding="UTF-8"?>
<testsuite name="com.app.server.service.bloodbankboundedcontext.bloodbank.DonorVisitTestCase" tests="8" skipped="0" failures="0" errors="0" timestamp="2016-06-08T12:28:43" hostname="12d311cb0219" time="1.34">
  <properties/>
  <testcase name="test1Save" classname="com.app.server.service.bloodbankboundedcontext.bloodbank.DonorVisitTestCase" time="0.56"/>
  <testcase name="test2Update" classname="com.app.server.service.bloodbankboundedcontext.bloodbank.DonorVisitTestCase" time="0.049"/>
  <testcase name="test3FindById" classname="com.app.server.service.bloodbankboundedcontext.bloodbank.DonorVisitTestCase" time="0.01"/>
  <testcase name="test3findBycamp" classname="com.app.server.service.bloodbankboundedcontext.bloodbank.DonorVisitTestCase" time="0.011"/>
  <testcase name="test3findBydType" classname="com.app.server.service.bloodbankboundedcontext.bloodbank.DonorVisitTestCase" time="0.013"/>
  <testcase name="test3findBydonor" classname="com.app.server.service.bloodbankboundedcontext.bloodbank.DonorVisitTestCase" time="0.011"/>
  <testcase name="test5NegativeTesting" classname="com.app.server.service.bloodbankboundedcontext.bloodbank.DonorVisitTestCase" time="0.012"/>
  <testcase name="test6Delete" classname="com.app.server.service.bloodbankboundedcontext.bloodbank.DonorVisitTestCase" time="0.674"/>
  <system-out><![CDATA[Wed Jun 08 12:28:43 UTC 2016|Log Manager Factory|Initialization Process started.....
Wed Jun 08 12:28:43 UTC 2016|Log Manager|Initialized with Path = [/home/applifire/workspace/bloodbankapp/src/main/webapp/WEB-INF/conf]
Wed Jun 08 12:28:43 UTC 2016|Alarm Manager|Initialized with Path = [/home/applifire/workspace/bloodbankapp/src/main/webapp/WEB-INF/conf]
Wed Jun 08 12:28:43 UTC 2016|Alarm Manager|Loading Alarms ......
Wed Jun 08 12:28:43 UTC 2016|Alarm XML Parser|FWA|XML Parsing Complete........ 
Wed Jun 08 12:28:43 UTC 2016|Alarm File Manager|FWA|Alarm File Status.. [ApplicationFrameworkAlarms.xml]|Version=15|Status=Done 
Wed Jun 08 12:28:43 UTC 2016|Alarm File Manager|FWA|Alarm Stats = ( BC/AL=4/564 SYS=4/10 [564/0]  TPL=0/0 [0/0]  APP= A.Map=[645]  E.Map EC/RC=[238/66] )
Wed Jun 08 12:28:43 UTC 2016|Alarm XML Parser|APP|XML Parsing Complete........ 
Wed Jun 08 12:28:43 UTC 2016|Alarm File Manager|APP|Alarm File Status.. [ApplicationAlarms.xml]|Version=1|Status=Done 
Wed Jun 08 12:28:43 UTC 2016|Alarm File Manager|APP|Alarm Stats = ( BC/AL=7/1050 SYS=4/10 [564/0]  TPL=0/0 [0/0]  APP=3/6 [486/0]  A.Map=[975]  E.Map EC/RC=[376/88] )
Wed Jun 08 12:28:43 UTC 2016|ApplicationAlarmContext| <><><><><> Create App Alarms ....  <><><><><> 
Wed Jun 08 12:28:43 UTC 2016|ApplicationAlarmContext|Alarms are generated ONLY in Development Mode.. 
Wed Jun 08 12:28:43 UTC 2016|Alarm Manager|APP|Alarm Stats = ( BC/AL=7/1050 SYS=4/10 [564/0]  TPL=0/0 [0/0]  APP=3/6 [486/0]  A.Map=[975]  E.Map EC/RC=[376/88] )
Wed Jun 08 12:28:43 UTC 2016|Alarm Manager|Initialized Exception Lookup...
Wed Jun 08 12:28:43 UTC 2016|Log Manager|Initialize Log Config File ......
Wed Jun 08 12:28:43 UTC 2016|Pluggable Connectors|Adding Connectors : StandardOutputConnector isEnabled=true isDefault=false isFallBack=true
Wed Jun 08 12:28:43 UTC 2016|Pluggable Connectors|Adding Connectors : StandardFileConnector isEnabled=true isDefault=false isFallBack=false
Wed Jun 08 12:28:43 UTC 2016|Pluggable Connectors|Adding Connectors : Sprinkler isEnabled=true isDefault=true isFallBack=false
Wed Jun 08 12:28:43 UTC 2016|Pluggable Connectors|Default Connector Name : com.spartan.logger.core.LogMessenger
Wed Jun 08 12:28:43 UTC 2016|Log Config Parser|Connector Least Log Level =[4]  FallBack Log Level =[3]
Wed Jun 08 12:28:43 UTC 2016|Log Manager|Loading Default Connector for Logging ......
Wed Jun 08 12:28:43 UTC 2016|Log Manager|Loading class .. com.spartan.logger.core.LogMessenger
Wed Jun 08 12:28:43 UTC 2016|Plugggable Connector|Connector class com.spartan.logger.core.LogMessenger Initialized... @ Log Level = 3
Wed Jun 08 12:28:43 UTC 2016|Log Manager|Starting the Default Connector [com.spartan.logger.core.LogMessenger@6162ed53] ....
Wed Jun 08 12:28:43 UTC 2016|Scheduler|Starting the Scheduler ......
Wed Jun 08 12:28:43 UTC 2016|Scheduler|Adding [LMID=[44537018-dfae-4f4a-ba36-64fda5ff4697]] Delay=5 Time Unit=MINUTES
Wed Jun 08 12:28:43 UTC 2016|Scheduler|Adding [App Alarm Manager File=[ApplicationAlarms.xml]] Delay=30 Time Unit=MINUTES
Wed Jun 08 12:28:43 UTC 2016|Scheduler|Adding [FW Alarm Manager File=[ApplicationFrameworkAlarms.xml]] Delay=3 Time Unit=MINUTES
Wed Jun 08 12:28:43 UTC 2016|Scheduler|Startup Completed..
Wed Jun 08 12:28:43 UTC 2016|Log Manager|Initialization Process Complete ......
Wed Jun 08 12:28:43 UTC 2016|Log Manager Factory|Log Manager READY! ID = 44537018-dfae-4f4a-ba36-64fda5ff4697
[EL Fine]: sql: 2016-06-08 12:28:43.587--ClientSession(232906092)--Connection(1411156304)--Thread(Thread[Test worker,5,main])--INSERT INTO ast_DonationType_M (donationTypeId, donationTypes, versionId, createdBy, createdDate, updatedBy, updatedDate, activeStatus, txnAccessCode) VALUES (?, ?, ?, ?, ?, ?, ?, ?, ?)
	bind => [883C366D-04DC-4347-9D4E-AFF039DD07FC, 4Na9X4MKsS53RZN2aegbUQYgp9HQoTmVT4U7NnsHYq6fl1D9dz, 1, AAAAA, 2016-06-08 12:28:43.584, AAAAA, 2016-06-08 12:28:43.584, 1, 51000]
[EL Fine]: sql: 2016-06-08 12:28:43.648--ClientSession(1806539875)--Connection(1411156304)--Thread(Thread[Test worker,5,main])--INSERT INTO ast_Country_M (countryId, capital, capitalLatitude, capitalLongitude, countryCode1, countryCode2, countryFlag, countryName, currencyCode, currencyName, currencySymbol, isoNumeric, versionId, createdBy, createdDate, updatedBy, updatedDate, activeStatus, txnAccessCode) VALUES (?, ?, ?, ?, ?, ?, ?, ?, ?, ?, ?, ?, ?, ?, ?, ?, ?, ?, ?)
	bind => [DF198304-CDD3-4F3E-A72E-5F270834A313, Vj9Sk3SYj4pwdtnHunHbJ2Bt6o1Szemg, 5, 9, zXc, Bes, aVEr0wiG8YYoeNFESQpNWRUyebonkncSFlBWyjRwQUq1uuxYLm, CyjZXaKHsZiP0AS9Mm6JMcrKpefv48RQ3eDthLILLxr9j9viQ3, gIH, w6qPNHYs8UiD318s80HkzqL701AV2HLyfQ0hDAUCI3kz3yFwYI, WT9iyfJssbDg6Ey79fdYeiYLL4Ic0P1q, 70, 1, AAAAA, 2016-06-08 12:28:43.642, AAAAA, 2016-06-08 12:28:43.642, 1, 51000]
[EL Fine]: sql: 2016-06-08 12:28:43.68--ClientSession(1063357796)--Connection(1411156304)--Thread(Thread[Test worker,5,main])--INSERT INTO ast_AddressType_M (addressTypeId, addressType, addressTypeDesc, addressTypeIcon, versionId, createdBy, createdDate, updatedBy, updatedDate, activeStatus, txnAccessCode) VALUES (?, ?, ?, ?, ?, ?, ?, ?, ?, ?, ?)
	bind => [D71DC4A9-3C57-4397-9A41-53EAF829CDD6, AckBqtZupn5KmMTqEMKAUssuixRflUTlcMbt0u7UDlJDWETBiC, kbCNMK4OI64x6iajBqwGAKL9sUFEUVMkfg9l4qKda9OPu0eGmH, C3Y07kf3UWvJA8jM7yTdGjCNrQwybilmAqXKFcLyuxDyPIc9Cg, 1, AAAAA, 2016-06-08 12:28:43.676, AAAAA, 2016-06-08 12:28:43.676, 1, 51000]
[EL Fine]: sql: 2016-06-08 12:28:43.716--ClientSession(755361672)--Connection(1411156304)--Thread(Thread[Test worker,5,main])--INSERT INTO ast_State_M (stateId, countryId, stateCapital, stateCapitalLatitude, stateCapitalLongitude, stateCode, stateCodeChar2, stateCodeChar3, stateDescription, stateFlag, stateName, versionId, createdBy, createdDate, updatedBy, updatedDate, activeStatus, txnAccessCode) VALUES (?, ?, ?, ?, ?, ?, ?, ?, ?, ?, ?, ?, ?, ?, ?, ?, ?, ?)
	bind => [91452009-D1FB-437B-BFA3-B71FD0C5ADFD, DF198304-CDD3-4F3E-A72E-5F270834A313, zhv4r1Gjis8iKhgE5ldyCZveTnTKS5y3bGb9KFHTfaB5XiCzd5, 5, 2, 2, G1BFwnXM55MeoLX59zSaAU2ztFMKgHRH, VYSLAgt5napd3gZ2cMkiWT9V2YEb75iv, X5nEaDtuwDF7MYgsYSeB7UuE7wOge6tHONvTetf3p2VM5pMXXJ, NxFPiSn4VMPof53uQ7y36jf3ntRSGMwz1A4CssiK2FXQV5s7PR, iUyeupznlqybMve9JZ6oUU9SiOIwaSN0EqjuzITacByQe5lq9w, 1, AAAAA, 2016-06-08 12:28:43.709, AAAAA, 2016-06-08 12:28:43.709, 1, 51000]
[EL Fine]: sql: 2016-06-08 12:28:43.747--ClientSession(40327515)--Connection(1411156304)--Thread(Thread[Test worker,5,main])--INSERT INTO ast_City_M (cityId, cityCode, cityCodeChar2, cityDescription, cityFlag, cityLatitude, cityLongitude, cityName, countryId, stateId, versionId, createdBy, createdDate, updatedBy, updatedDate, activeStatus, txnAccessCode) VALUES (?, ?, ?, ?, ?, ?, ?, ?, ?, ?, ?, ?, ?, ?, ?, ?, ?)
	bind => [67163FD6-3888-43C2-9B62-97FB4F6B52AC, 1, bXadH95mxE8tk2MUtSyOOGE0nxoLVmfm, ruVyjxY1Z9UYqvY2C38ECEcboJeyynP4KnNJR8UTwCRG0qYLFh, 2OaOFR5SQvYY7ckIn7ZRafsadva13oiUn0qCuSG5jAx5oa0l5N, 2, 3, a1UVVU5bSrf4rHjKtpyqH17W6Bg7AW5tMmAQyRQehbDmwuQmLn, DF198304-CDD3-4F3E-A72E-5F270834A313, 91452009-D1FB-437B-BFA3-B71FD0C5ADFD, 1, AAAAA, 2016-06-08 12:28:43.709, AAAAA, 2016-06-08 12:28:43.709, 1, 51000]
[EL Fine]: sql: 2016-06-08 12:28:43.795--ClientSession(468931450)--Connection(1411156304)--Thread(Thread[Test worker,5,main])--INSERT INTO ast_Address_T (addressId, address1, address2, address3, addressLabel, addressTypeId, cityId, countryId, latitude, longitude, stateId, versionId, zipcode, createdBy, createdDate, updatedBy, updatedDate, activeStatus, txnAccessCode) VALUES (?, ?, ?, ?, ?, ?, ?, ?, ?, ?, ?, ?, ?, ?, ?, ?, ?, ?, ?)
	bind => [6B71BEFA-64FA-4ACB-93D5-2E3C816E3A69, rz5GMUNh0E7SLZXMMmugHlFRLeNFDOYIBC3zKfYsCKDOgtUudN, xjghR4oZMEXjYhknDYEHyAOMQTVasHs2xEAryNd2zVJ3W80UV0, eWQb34MIPso7SnYAwv6d5mHtqMuDLWFh0sbF5NH7GmQb6MrGO4, eq4rxUTUSwM, D71DC4A9-3C57-4397-9A41-53EAF829CDD6, 67163FD6-3888-43C2-9B62-97FB4F6B52AC, DF198304-CDD3-4F3E-A72E-5F270834A313, X3fJV8oWFAmoap7ktDMR9jEuA7Git4wYhjjD9WaXVnRVY8o2Jy, wtXZSg3LAHjCIsU5A4igPAd0BWXDxhFRzqVmVDUzM1AzJ4oupD, 91452009-D1FB-437B-BFA3-B71FD0C5ADFD, 1, B1nwvV, AAAAA, 2016-06-08 12:28:43.642, AAAAA, 2016-06-08 12:28:43.642, 1, 51000]
[EL Fine]: sql: 2016-06-08 12:28:43.874--ClientSession(384981416)--Connection(1411156304)--Thread(Thread[Test worker,5,main])--INSERT INTO ast_RegisterACamp_T (campId, addr, bloodBankName, campTime, fromDate, noOfDonorsArrived, noOfDonorsExpected, noOfDonorsThatBled, organisationName, reasonForCamp, toDate, versionId, createdBy, createdDate, updatedBy, updatedDate, activeStatus, txnAccessCode) VALUES (?, ?, ?, ?, ?, ?, ?, ?, ?, ?, ?, ?, ?, ?, ?, ?, ?, ?)
	bind => [B9A36913-B4C5-4E90-985B-3B357D97FD3D, 6B71BEFA-64FA-4ACB-93D5-2E3C816E3A69, xiGds8bACISMxeaFhFU1bpnC4DZlFSt11wyabyjqAJH0rbKBHI, jkdL5SsO2ncaTZ38IkVusp4Tb1zdUvkvrZewEeXC6WeFgBLzrP, 2016-06-08 09:00:39.446, 2147483647, 2147483647, 2147483647, htBu4cC7IunabnctbyciX8DTZUzzqU1CtMz5QM7QX0hknWSmHs, MLBekagmlgu1yZD23GcGmnyWgl7qjphXDwUmLo4Jz7FhoQgWAn, 2016-06-08 09:00:39.445, 1, AAAAA, 2016-06-08 12:28:43.642, AAAAA, 2016-06-08 12:28:43.642, 1, 51000]
[EL Fine]: sql: 2016-06-08 12:28:43.917--ClientSession(978350869)--Connection(1411156304)--Thread(Thread[Test worker,5,main])--INSERT INTO ast_BloodGroup_M (bloodGroupId, bloodGroups, versionId, createdBy, createdDate, updatedBy, updatedDate, activeStatus, txnAccessCode) VALUES (?, ?, ?, ?, ?, ?, ?, ?, ?)
	bind => [CC63F549-7EFF-43F1-AF81-8596B0A0CA63, ezKvLnpJiqzr7N3i5AeRJaMWuaeJhN83FzwnP5JgAs6UtDBGxA, 1, AAAAA, 2016-06-08 12:28:43.913, AAAAA, 2016-06-08 12:28:43.913, 1, 51000]
[EL Fine]: sql: 2016-06-08 12:28:43.964--ClientSession(348297661)--Connection(1411156304)--Thread(Thread[Test worker,5,main])--INSERT INTO ast_Gender_M (genderId, gender, versionId, createdBy, createdDate, updatedBy, updatedDate, activeStatus, txnAccessCode) VALUES (?, ?, ?, ?, ?, ?, ?, ?, ?)
	bind => [24406B41-5031-4EC0-AF7F-2239B6A6317D, DqfwKLtRygVlYYHsnw4uixJBCFNZA0kcWmfqgJgg9xd5z02iqL, 1, AAAAA, 2016-06-08 12:28:43.962, AAAAA, 2016-06-08 12:28:43.962, 1, 51000]
[EL Fine]: sql: 2016-06-08 12:28:44.016--ClientSession(2080269882)--Connection(1411156304)--Thread(Thread[Test worker,5,main])--INSERT INTO ast_RegisterADonor_T (donorId, addr, bg, dob, donorName, emailId, gendr, howOftenUDonated, lastDonationDate, phoneNo, versionId, createdBy, createdDate, updatedBy, updatedDate, activeStatus, txnAccessCode) VALUES (?, ?, ?, ?, ?, ?, ?, ?, ?, ?, ?, ?, ?, ?, ?, ?, ?)
	bind => [C51095C6-B83D-491A-85F1-60B83AEF2A9F, 6B71BEFA-64FA-4ACB-93D5-2E3C816E3A69, CC63F549-7EFF-43F1-AF81-8596B0A0CA63, 2016-06-08 09:00:39.493, L28czmjf1vSil2MZ4TKnrrfZ86FCOCY0XFtC5Ir2w9RBc4xqlU, g7G95ZOP5SCj39voqHi7jHYZ5GTeWLQAzgf96TIukreazz09nL, 24406B41-5031-4EC0-AF7F-2239B6A6317D, 2147483647, 2016-06-08 09:00:39.544, 9MWbQX69WCazJGbBQy0VcZ62MRtqBdaYOBjEK9T5T5aYefZXlv, 1, AAAAA, 2016-06-08 12:28:43.913, AAAAA, 2016-06-08 12:28:43.913, 1, 51000]
Setting logged in user info for ADD
Setting logged in user info for ADD
[EL Fine]: sql: 2016-06-08 12:28:44.063--ClientSession(1470416020)--Connection(1411156304)--Thread(Thread[Test worker,5,main])--INSERT INTO ast_DonorVisit_T (donorVisitId, camp, dType, donor, orgnizerName, versionId, createdBy, createdDate, updatedBy, updatedDate, activeStatus, txnAccessCode) VALUES (?, ?, ?, ?, ?, ?, ?, ?, ?, ?, ?, ?)
	bind => [303C66C9-0A50-40D2-A018-10FCEE3ABFA5, B9A36913-B4C5-4E90-985B-3B357D97FD3D, 883C366D-04DC-4347-9D4E-AFF039DD07FC, C51095C6-B83D-491A-85F1-60B83AEF2A9F, 8uVGWgeHOg80m8GllIrxtqxfdg72zEsxDaz0nbNXde6AP8GpQx, 1, AAAAA, 2016-06-08 12:28:44.059, AAAAA, 2016-06-08 12:28:44.059, 1, 51000]
[EL Fine]: sql: 2016-06-08 12:28:44.065--ClientSession(1470416020)--Connection(1411156304)--Thread(Thread[Test worker,5,main])--INSERT INTO ast_ClinicalInfo_TP (clinicalInfoId, bp, height, pulse, temprature, unitsOfBlood, versionId, weight, createdBy, createdDate, updatedBy, updatedDate, activeStatus, txnAccessCode, donorVisitId) VALUES (?, ?, ?, ?, ?, ?, ?, ?, ?, ?, ?, ?, ?, ?, ?)
	bind => [89CAE6B0-2551-4A83-B6F1-C48FBE2A3DB2, WXg4DTXAdeAAUWxRBqjSASNHpc1xJBGdA7IJigicZRQNbE5wsj, vGgD0cGT8w42pT0O5C9ZdYcdfnA5uzfCOcWbNouMGmLp09rZym, fYVtPdaTEfZa6ioAdbBHSbktfCLTtJTAIy3FCSRXGu3jvKHkuz, WUoxffNbzoCLPE893Dxa0t997Kl1VeTV6e9OShKpgNowYrR5W2, 2147483647, 1, YFeN8A2gtXuMcAXB9iubS5dSn0B56IK1weLPeQcL3y6ROAL4yy, AAAAA, 2016-06-08 12:28:44.059, AAAAA, 2016-06-08 12:28:44.059, 1, 51000, 303C66C9-0A50-40D2-A018-10FCEE3ABFA5]
[EL Fine]: sql: 2016-06-08 12:28:44.117--ClientSession(196928985)--Connection(1411156304)--Thread(Thread[Test worker,5,main])--SELECT donorVisitId, camp, dType, donor, orgnizerName, versionId, createdBy, createdDate, updatedBy, updatedDate, activeStatus, txnAccessCode FROM ast_DonorVisit_T WHERE ((activeStatus = ?) AND (donorVisitId = ?))
	bind => [1, 303C66C9-0A50-40D2-A018-10FCEE3ABFA5]
[EL Fine]: sql: 2016-06-08 12:28:44.119--ClientSession(196928985)--Connection(1411156304)--Thread(Thread[Test worker,5,main])--SELECT clinicalInfoId, bp, height, pulse, temprature, unitsOfBlood, versionId, weight, createdBy, createdDate, updatedBy, updatedDate, activeStatus, txnAccessCode, donorVisitId FROM ast_ClinicalInfo_TP WHERE (donorVisitId = ?)
	bind => [303C66C9-0A50-40D2-A018-10FCEE3ABFA5]
Setting logged in user info for UPDATE
Setting logged in user info for UPDATE
[EL Fine]: sql: 2016-06-08 12:28:44.124--ClientSession(2010637262)--Connection(1411156304)--Thread(Thread[Test worker,5,main])--SELECT donorVisitId, camp, dType, donor, orgnizerName, versionId, createdBy, createdDate, updatedBy, updatedDate, activeStatus, txnAccessCode FROM ast_DonorVisit_T WHERE (donorVisitId = ?)
	bind => [303C66C9-0A50-40D2-A018-10FCEE3ABFA5]
[EL Fine]: sql: 2016-06-08 12:28:44.125--ClientSession(2010637262)--Connection(1411156304)--Thread(Thread[Test worker,5,main])--SELECT clinicalInfoId, bp, height, pulse, temprature, unitsOfBlood, versionId, weight, createdBy, createdDate, updatedBy, updatedDate, activeStatus, txnAccessCode, donorVisitId FROM ast_ClinicalInfo_TP WHERE (donorVisitId = ?)
	bind => [303C66C9-0A50-40D2-A018-10FCEE3ABFA5]
[EL Fine]: sql: 2016-06-08 12:28:44.127--ClientSession(2010637262)--Connection(1411156304)--Thread(Thread[Test worker,5,main])--UPDATE ast_DonorVisit_T SET orgnizerName = ?, versionId = ? WHERE ((donorVisitId = ?) AND (versionId = ?))
	bind => [CvXkIZ0dvB5ep6YV3HvSucCddUQ2HA7iZGBv4GxjwTLzl0a4AH, 2, 303C66C9-0A50-40D2-A018-10FCEE3ABFA5, 1]
[EL Fine]: sql: 2016-06-08 12:28:44.165--ClientSession(1991170407)--Connection(1411156304)--Thread(Thread[Test worker,5,main])--SELECT donorVisitId, camp, dType, donor, orgnizerName, versionId, createdBy, createdDate, updatedBy, updatedDate, activeStatus, txnAccessCode FROM ast_DonorVisit_T WHERE ((activeStatus = ?) AND (donorVisitId = ?))
	bind => [1, 303C66C9-0A50-40D2-A018-10FCEE3ABFA5]
[EL Fine]: sql: 2016-06-08 12:28:44.166--ClientSession(1991170407)--Connection(1411156304)--Thread(Thread[Test worker,5,main])--SELECT clinicalInfoId, bp, height, pulse, temprature, unitsOfBlood, versionId, weight, createdBy, createdDate, updatedBy, updatedDate, activeStatus, txnAccessCode, donorVisitId FROM ast_ClinicalInfo_TP WHERE (donorVisitId = ?)
	bind => [303C66C9-0A50-40D2-A018-10FCEE3ABFA5]
[EL Fine]: sql: 2016-06-08 12:28:44.175--ClientSession(1487576736)--Connection(1411156304)--Thread(Thread[Test worker,5,main])--SELECT donorVisitId, camp, dType, donor, orgnizerName, versionId, createdBy, createdDate, updatedBy, updatedDate, activeStatus, txnAccessCode FROM ast_DonorVisit_T WHERE ((activeStatus = ?) AND (camp = ?))
	bind => [1, B9A36913-B4C5-4E90-985B-3B357D97FD3D]
[EL Fine]: sql: 2016-06-08 12:28:44.176--ClientSession(1487576736)--Connection(1411156304)--Thread(Thread[Test worker,5,main])--SELECT clinicalInfoId, bp, height, pulse, temprature, unitsOfBlood, versionId, weight, createdBy, createdDate, updatedBy, updatedDate, activeStatus, txnAccessCode, donorVisitId FROM ast_ClinicalInfo_TP WHERE (donorVisitId = ?)
	bind => [303C66C9-0A50-40D2-A018-10FCEE3ABFA5]
[EL Fine]: sql: 2016-06-08 12:28:44.188--ClientSession(1573278809)--Connection(1411156304)--Thread(Thread[Test worker,5,main])--SELECT donorVisitId, camp, dType, donor, orgnizerName, versionId, createdBy, createdDate, updatedBy, updatedDate, activeStatus, txnAccessCode FROM ast_DonorVisit_T WHERE ((activeStatus = ?) AND (dType = ?))
	bind => [1, 883C366D-04DC-4347-9D4E-AFF039DD07FC]
[EL Fine]: sql: 2016-06-08 12:28:44.189--ClientSession(1573278809)--Connection(1411156304)--Thread(Thread[Test worker,5,main])--SELECT clinicalInfoId, bp, height, pulse, temprature, unitsOfBlood, versionId, weight, createdBy, createdDate, updatedBy, updatedDate, activeStatus, txnAccessCode, donorVisitId FROM ast_ClinicalInfo_TP WHERE (donorVisitId = ?)
	bind => [303C66C9-0A50-40D2-A018-10FCEE3ABFA5]
[EL Fine]: sql: 2016-06-08 12:28:44.199--ClientSession(1418089)--Connection(1411156304)--Thread(Thread[Test worker,5,main])--SELECT donorVisitId, camp, dType, donor, orgnizerName, versionId, createdBy, createdDate, updatedBy, updatedDate, activeStatus, txnAccessCode FROM ast_DonorVisit_T WHERE ((activeStatus = ?) AND (donor = ?))
	bind => [1, C51095C6-B83D-491A-85F1-60B83AEF2A9F]
[EL Fine]: sql: 2016-06-08 12:28:44.2--ClientSession(1418089)--Connection(1411156304)--Thread(Thread[Test worker,5,main])--SELECT clinicalInfoId, bp, height, pulse, temprature, unitsOfBlood, versionId, weight, createdBy, createdDate, updatedBy, updatedDate, activeStatus, txnAccessCode, donorVisitId FROM ast_ClinicalInfo_TP WHERE (donorVisitId = ?)
	bind => [303C66C9-0A50-40D2-A018-10FCEE3ABFA5]
[EL Fine]: sql: 2016-06-08 12:28:44.238--ClientSession(1942998487)--Connection(1411156304)--Thread(Thread[Test worker,5,main])--SELECT donorVisitId, camp, dType, donor, orgnizerName, versionId, createdBy, createdDate, updatedBy, updatedDate, activeStatus, txnAccessCode FROM ast_DonorVisit_T WHERE (donorVisitId = ?)
	bind => [303C66C9-0A50-40D2-A018-10FCEE3ABFA5]
[EL Fine]: sql: 2016-06-08 12:28:44.239--ClientSession(1942998487)--Connection(1411156304)--Thread(Thread[Test worker,5,main])--SELECT clinicalInfoId, bp, height, pulse, temprature, unitsOfBlood, versionId, weight, createdBy, createdDate, updatedBy, updatedDate, activeStatus, txnAccessCode, donorVisitId FROM ast_ClinicalInfo_TP WHERE (donorVisitId = ?)
	bind => [303C66C9-0A50-40D2-A018-10FCEE3ABFA5]
[EL Fine]: sql: 2016-06-08 12:28:44.241--ClientSession(1942998487)--Connection(1411156304)--Thread(Thread[Test worker,5,main])--DELETE FROM ast_ClinicalInfo_TP WHERE ((clinicalInfoId = ?) AND (versionId = ?))
	bind => [89CAE6B0-2551-4A83-B6F1-C48FBE2A3DB2, 1]
[EL Fine]: sql: 2016-06-08 12:28:44.242--ClientSession(1942998487)--Connection(1411156304)--Thread(Thread[Test worker,5,main])--DELETE FROM ast_DonorVisit_T WHERE ((donorVisitId = ?) AND (versionId = ?))
	bind => [303C66C9-0A50-40D2-A018-10FCEE3ABFA5, 2]
[EL Fine]: sql: 2016-06-08 12:28:44.424--ClientSession(786535242)--Connection(1411156304)--Thread(Thread[Test worker,5,main])--SELECT donorId, addr, bg, dob, donorName, emailId, gendr, howOftenUDonated, lastDonationDate, phoneNo, versionId, createdBy, createdDate, updatedBy, updatedDate, activeStatus, txnAccessCode FROM ast_RegisterADonor_T WHERE (donorId = ?)
	bind => [C51095C6-B83D-491A-85F1-60B83AEF2A9F]
[EL Fine]: sql: 2016-06-08 12:28:44.427--ClientSession(786535242)--Connection(1411156304)--Thread(Thread[Test worker,5,main])--DELETE FROM ast_RegisterADonor_T WHERE ((donorId = ?) AND (versionId = ?))
	bind => [C51095C6-B83D-491A-85F1-60B83AEF2A9F, 1]
[EL Fine]: sql: 2016-06-08 12:28:44.473--ClientSession(700056827)--Connection(1411156304)--Thread(Thread[Test worker,5,main])--SELECT genderId, gender, versionId, createdBy, createdDate, updatedBy, updatedDate, activeStatus, txnAccessCode FROM ast_Gender_M WHERE (genderId = ?)
	bind => [24406B41-5031-4EC0-AF7F-2239B6A6317D]
[EL Fine]: sql: 2016-06-08 12:28:44.476--ClientSession(700056827)--Connection(1411156304)--Thread(Thread[Test worker,5,main])--DELETE FROM ast_Gender_M WHERE ((genderId = ?) AND (versionId = ?))
	bind => [24406B41-5031-4EC0-AF7F-2239B6A6317D, 1]
[EL Fine]: sql: 2016-06-08 12:28:44.571--ClientSession(1173340823)--Connection(1411156304)--Thread(Thread[Test worker,5,main])--SELECT bloodGroupId, bloodGroups, versionId, createdBy, createdDate, updatedBy, updatedDate, activeStatus, txnAccessCode FROM ast_BloodGroup_M WHERE (bloodGroupId = ?)
	bind => [CC63F549-7EFF-43F1-AF81-8596B0A0CA63]
[EL Fine]: sql: 2016-06-08 12:28:44.573--ClientSession(1173340823)--Connection(1411156304)--Thread(Thread[Test worker,5,main])--DELETE FROM ast_BloodGroup_M WHERE ((bloodGroupId = ?) AND (versionId = ?))
	bind => [CC63F549-7EFF-43F1-AF81-8596B0A0CA63, 1]
[EL Fine]: sql: 2016-06-08 12:28:44.603--ClientSession(481383099)--Connection(1411156304)--Thread(Thread[Test worker,5,main])--SELECT campId, addr, bloodBankName, campTime, fromDate, noOfDonorsArrived, noOfDonorsExpected, noOfDonorsThatBled, organisationName, reasonForCamp, toDate, versionId, createdBy, createdDate, updatedBy, updatedDate, activeStatus, txnAccessCode FROM ast_RegisterACamp_T WHERE (campId = ?)
	bind => [B9A36913-B4C5-4E90-985B-3B357D97FD3D]
[EL Fine]: sql: 2016-06-08 12:28:44.606--ClientSession(481383099)--Connection(1411156304)--Thread(Thread[Test worker,5,main])--DELETE FROM ast_RegisterACamp_T WHERE ((campId = ?) AND (versionId = ?))
	bind => [B9A36913-B4C5-4E90-985B-3B357D97FD3D, 1]
[EL Fine]: sql: 2016-06-08 12:28:44.636--ClientSession(1148918114)--Connection(1411156304)--Thread(Thread[Test worker,5,main])--SELECT addressId, address1, address2, address3, addressLabel, addressTypeId, cityId, countryId, latitude, longitude, stateId, versionId, zipcode, createdBy, createdDate, updatedBy, updatedDate, activeStatus, txnAccessCode FROM ast_Address_T WHERE (addressId = ?)
	bind => [6B71BEFA-64FA-4ACB-93D5-2E3C816E3A69]
[EL Fine]: sql: 2016-06-08 12:28:44.639--ClientSession(1148918114)--Connection(1411156304)--Thread(Thread[Test worker,5,main])--DELETE FROM ast_Address_T WHERE ((addressId = ?) AND (versionId = ?))
	bind => [6B71BEFA-64FA-4ACB-93D5-2E3C816E3A69, 1]
[EL Fine]: sql: 2016-06-08 12:28:44.67--ClientSession(1255700659)--Connection(1411156304)--Thread(Thread[Test worker,5,main])--SELECT cityId, cityCode, cityCodeChar2, cityDescription, cityFlag, cityLatitude, cityLongitude, cityName, countryId, stateId, versionId, createdBy, createdDate, updatedBy, updatedDate, activeStatus, txnAccessCode FROM ast_City_M WHERE (cityId = ?)
	bind => [67163FD6-3888-43C2-9B62-97FB4F6B52AC]
[EL Fine]: sql: 2016-06-08 12:28:44.672--ClientSession(1255700659)--Connection(1411156304)--Thread(Thread[Test worker,5,main])--DELETE FROM ast_City_M WHERE ((cityId = ?) AND (versionId = ?))
	bind => [67163FD6-3888-43C2-9B62-97FB4F6B52AC, 1]
[EL Fine]: sql: 2016-06-08 12:28:44.701--ClientSession(927467243)--Connection(1411156304)--Thread(Thread[Test worker,5,main])--SELECT stateId, countryId, stateCapital, stateCapitalLatitude, stateCapitalLongitude, stateCode, stateCodeChar2, stateCodeChar3, stateDescription, stateFlag, stateName, versionId, createdBy, createdDate, updatedBy, updatedDate, activeStatus, txnAccessCode FROM ast_State_M WHERE (stateId = ?)
	bind => [91452009-D1FB-437B-BFA3-B71FD0C5ADFD]
[EL Fine]: sql: 2016-06-08 12:28:44.704--ClientSession(927467243)--Connection(1411156304)--Thread(Thread[Test worker,5,main])--DELETE FROM ast_State_M WHERE ((stateId = ?) AND (versionId = ?))
	bind => [91452009-D1FB-437B-BFA3-B71FD0C5ADFD, 1]
[EL Fine]: sql: 2016-06-08 12:28:44.734--ClientSession(1061484662)--Connection(1411156304)--Thread(Thread[Test worker,5,main])--SELECT addressTypeId, addressType, addressTypeDesc, addressTypeIcon, versionId, createdBy, createdDate, updatedBy, updatedDate, activeStatus, txnAccessCode FROM ast_AddressType_M WHERE (addressTypeId = ?)
	bind => [D71DC4A9-3C57-4397-9A41-53EAF829CDD6]
[EL Fine]: sql: 2016-06-08 12:28:44.737--ClientSession(1061484662)--Connection(1411156304)--Thread(Thread[Test worker,5,main])--DELETE FROM ast_AddressType_M WHERE ((addressTypeId = ?) AND (versionId = ?))
	bind => [D71DC4A9-3C57-4397-9A41-53EAF829CDD6, 1]
[EL Fine]: sql: 2016-06-08 12:28:44.767--ClientSession(216082549)--Connection(1411156304)--Thread(Thread[Test worker,5,main])--SELECT countryId, capital, capitalLatitude, capitalLongitude, countryCode1, countryCode2, countryFlag, countryName, currencyCode, currencyName, currencySymbol, isoNumeric, versionId, createdBy, createdDate, updatedBy, updatedDate, activeStatus, txnAccessCode FROM ast_Country_M WHERE (countryId = ?)
	bind => [DF198304-CDD3-4F3E-A72E-5F270834A313]
[EL Fine]: sql: 2016-06-08 12:28:44.77--ClientSession(216082549)--Connection(1411156304)--Thread(Thread[Test worker,5,main])--DELETE FROM ast_Country_M WHERE ((countryId = ?) AND (versionId = ?))
	bind => [DF198304-CDD3-4F3E-A72E-5F270834A313, 1]
[EL Fine]: sql: 2016-06-08 12:28:44.842--ClientSession(968094978)--Connection(1411156304)--Thread(Thread[Test worker,5,main])--SELECT donationTypeId, donationTypes, versionId, createdBy, createdDate, updatedBy, updatedDate, activeStatus, txnAccessCode FROM ast_DonationType_M WHERE (donationTypeId = ?)
	bind => [883C366D-04DC-4347-9D4E-AFF039DD07FC]
[EL Fine]: sql: 2016-06-08 12:28:44.844--ClientSession(968094978)--Connection(1411156304)--Thread(Thread[Test worker,5,main])--DELETE FROM ast_DonationType_M WHERE ((donationTypeId = ?) AND (versionId = ?))
	bind => [883C366D-04DC-4347-9D4E-AFF039DD07FC, 1]
]]></system-out>
  <system-err><![CDATA[DonorVisit.orgnizerName may not be null
java.lang.SecurityException: DonorVisit.orgnizerName may not be null
	at com.athena.server.pluggable.utils.helper.EntityValidatorHelper.validateEntity(EntityValidatorHelper.java:37)
	at com.app.shared.bloodbankboundedcontext.bloodbank.DonorVisit.isValid(DonorVisit.java:191)
	at com.app.server.service.bloodbankboundedcontext.bloodbank.DonorVisitTestCase.validateDonorVisit(DonorVisitTestCase.java:427)
	at com.app.server.service.bloodbankboundedcontext.bloodbank.DonorVisitTestCase.test5NegativeTesting(DonorVisitTestCase.java:458)
	at sun.reflect.NativeMethodAccessorImpl.invoke0(Native Method)
	at sun.reflect.NativeMethodAccessorImpl.invoke(NativeMethodAccessorImpl.java:57)
	at sun.reflect.DelegatingMethodAccessorImpl.invoke(DelegatingMethodAccessorImpl.java:43)
	at java.lang.reflect.Method.invoke(Method.java:606)
	at org.junit.runners.model.FrameworkMethod$1.runReflectiveCall(FrameworkMethod.java:47)
	at org.junit.internal.runners.model.ReflectiveCallable.run(ReflectiveCallable.java:12)
	at org.junit.runners.model.FrameworkMethod.invokeExplosively(FrameworkMethod.java:44)
	at org.junit.internal.runners.statements.InvokeMethod.evaluate(InvokeMethod.java:17)
	at org.junit.internal.runners.statements.RunBefores.evaluate(RunBefores.java:26)
	at org.springframework.test.context.junit4.statements.RunBeforeTestMethodCallbacks.evaluate(RunBeforeTestMethodCallbacks.java:74)
	at org.junit.internal.runners.statements.RunAfters.evaluate(RunAfters.java:27)
	at org.springframework.test.context.junit4.statements.RunAfterTestMethodCallbacks.evaluate(RunAfterTestMethodCallbacks.java:83)
	at org.springframework.test.context.junit4.statements.SpringRepeat.evaluate(SpringRepeat.java:72)
	at org.springframework.test.context.junit4.SpringJUnit4ClassRunner.runChild(SpringJUnit4ClassRunner.java:233)
	at org.springframework.test.context.junit4.SpringJUnit4ClassRunner.runChild(SpringJUnit4ClassRunner.java:87)
	at org.junit.runners.ParentRunner$3.run(ParentRunner.java:238)
	at org.junit.runners.ParentRunner$1.schedule(ParentRunner.java:63)
	at org.junit.runners.ParentRunner.runChildren(ParentRunner.java:236)
	at org.junit.runners.ParentRunner.access$000(ParentRunner.java:53)
	at org.junit.runners.ParentRunner$2.evaluate(ParentRunner.java:229)
	at org.junit.internal.runners.statements.RunBefores.evaluate(RunBefores.java:26)
	at org.springframework.test.context.junit4.statements.RunBeforeTestClassCallbacks.evaluate(RunBeforeTestClassCallbacks.java:61)
	at org.springframework.test.context.junit4.statements.RunAfterTestClassCallbacks.evaluate(RunAfterTestClassCallbacks.java:71)
	at org.junit.runners.ParentRunner.run(ParentRunner.java:309)
	at org.springframework.test.context.junit4.SpringJUnit4ClassRunner.run(SpringJUnit4ClassRunner.java:176)
	at org.gradle.api.internal.tasks.testing.junit.JUnitTestClassExecuter.runTestClass(JUnitTestClassExecuter.java:86)
	at org.gradle.api.internal.tasks.testing.junit.JUnitTestClassExecuter.execute(JUnitTestClassExecuter.java:49)
	at org.gradle.api.internal.tasks.testing.junit.JUnitTestClassProcessor.processTestClass(JUnitTestClassProcessor.java:64)
	at org.gradle.api.internal.tasks.testing.SuiteTestClassProcessor.processTestClass(SuiteTestClassProcessor.java:50)
	at sun.reflect.GeneratedMethodAccessor109.invoke(Unknown Source)
	at sun.reflect.DelegatingMethodAccessorImpl.invoke(DelegatingMethodAccessorImpl.java:43)
	at java.lang.reflect.Method.invoke(Method.java:606)
	at org.gradle.messaging.dispatch.ReflectionDispatch.dispatch(ReflectionDispatch.java:35)
	at org.gradle.messaging.dispatch.ReflectionDispatch.dispatch(ReflectionDispatch.java:24)
	at org.gradle.messaging.dispatch.ContextClassLoaderDispatch.dispatch(ContextClassLoaderDispatch.java:32)
	at org.gradle.messaging.dispatch.ProxyDispatchAdapter$DispatchingInvocationHandler.invoke(ProxyDispatchAdapter.java:93)
	at com.sun.proxy.$Proxy2.processTestClass(Unknown Source)
	at org.gradle.api.internal.tasks.testing.worker.TestWorker.processTestClass(TestWorker.java:106)
	at sun.reflect.GeneratedMethodAccessor108.invoke(Unknown Source)
	at sun.reflect.DelegatingMethodAccessorImpl.invoke(DelegatingMethodAccessorImpl.java:43)
	at java.lang.reflect.Method.invoke(Method.java:606)
	at org.gradle.messaging.dispatch.ReflectionDispatch.dispatch(ReflectionDispatch.java:35)
	at org.gradle.messaging.dispatch.ReflectionDispatch.dispatch(ReflectionDispatch.java:24)
	at org.gradle.messaging.remote.internal.hub.MessageHub$Handler.run(MessageHub.java:360)
	at org.gradle.internal.concurrent.DefaultExecutorFactory$StoppableExecutorImpl$1.run(DefaultExecutorFactory.java:64)
	at java.util.concurrent.ThreadPoolExecutor.runWorker(ThreadPoolExecutor.java:1145)
	at java.util.concurrent.ThreadPoolExecutor$Worker.run(ThreadPoolExecutor.java:615)
	at java.lang.Thread.run(Thread.java:745)
DonorVisit.orgnizerName size must be between 1 and 256
java.lang.SecurityException: DonorVisit.orgnizerName size must be between 1 and 256
	at com.athena.server.pluggable.utils.helper.EntityValidatorHelper.validateEntity(EntityValidatorHelper.java:37)
	at com.app.shared.bloodbankboundedcontext.bloodbank.DonorVisit.isValid(DonorVisit.java:191)
	at com.app.server.service.bloodbankboundedcontext.bloodbank.DonorVisitTestCase.validateDonorVisit(DonorVisitTestCase.java:425)
	at com.app.server.service.bloodbankboundedcontext.bloodbank.DonorVisitTestCase.test5NegativeTesting(DonorVisitTestCase.java:463)
	at sun.reflect.NativeMethodAccessorImpl.invoke0(Native Method)
	at sun.reflect.NativeMethodAccessorImpl.invoke(NativeMethodAccessorImpl.java:57)
	at sun.reflect.DelegatingMethodAccessorImpl.invoke(DelegatingMethodAccessorImpl.java:43)
	at java.lang.reflect.Method.invoke(Method.java:606)
	at org.junit.runners.model.FrameworkMethod$1.runReflectiveCall(FrameworkMethod.java:47)
	at org.junit.internal.runners.model.ReflectiveCallable.run(ReflectiveCallable.java:12)
	at org.junit.runners.model.FrameworkMethod.invokeExplosively(FrameworkMethod.java:44)
	at org.junit.internal.runners.statements.InvokeMethod.evaluate(InvokeMethod.java:17)
	at org.junit.internal.runners.statements.RunBefores.evaluate(RunBefores.java:26)
	at org.springframework.test.context.junit4.statements.RunBeforeTestMethodCallbacks.evaluate(RunBeforeTestMethodCallbacks.java:74)
	at org.junit.internal.runners.statements.RunAfters.evaluate(RunAfters.java:27)
	at org.springframework.test.context.junit4.statements.RunAfterTestMethodCallbacks.evaluate(RunAfterTestMethodCallbacks.java:83)
	at org.springframework.test.context.junit4.statements.SpringRepeat.evaluate(SpringRepeat.java:72)
	at org.springframework.test.context.junit4.SpringJUnit4ClassRunner.runChild(SpringJUnit4ClassRunner.java:233)
	at org.springframework.test.context.junit4.SpringJUnit4ClassRunner.runChild(SpringJUnit4ClassRunner.java:87)
	at org.junit.runners.ParentRunner$3.run(ParentRunner.java:238)
	at org.junit.runners.ParentRunner$1.schedule(ParentRunner.java:63)
	at org.junit.runners.ParentRunner.runChildren(ParentRunner.java:236)
	at org.junit.runners.ParentRunner.access$000(ParentRunner.java:53)
	at org.junit.runners.ParentRunner$2.evaluate(ParentRunner.java:229)
	at org.junit.internal.runners.statements.RunBefores.evaluate(RunBefores.java:26)
	at org.springframework.test.context.junit4.statements.RunBeforeTestClassCallbacks.evaluate(RunBeforeTestClassCallbacks.java:61)
	at org.springframework.test.context.junit4.statements.RunAfterTestClassCallbacks.evaluate(RunAfterTestClassCallbacks.java:71)
	at org.junit.runners.ParentRunner.run(ParentRunner.java:309)
	at org.springframework.test.context.junit4.SpringJUnit4ClassRunner.run(SpringJUnit4ClassRunner.java:176)
	at org.gradle.api.internal.tasks.testing.junit.JUnitTestClassExecuter.runTestClass(JUnitTestClassExecuter.java:86)
	at org.gradle.api.internal.tasks.testing.junit.JUnitTestClassExecuter.execute(JUnitTestClassExecuter.java:49)
	at org.gradle.api.internal.tasks.testing.junit.JUnitTestClassProcessor.processTestClass(JUnitTestClassProcessor.java:64)
	at org.gradle.api.internal.tasks.testing.SuiteTestClassProcessor.processTestClass(SuiteTestClassProcessor.java:50)
	at sun.reflect.GeneratedMethodAccessor109.invoke(Unknown Source)
	at sun.reflect.DelegatingMethodAccessorImpl.invoke(DelegatingMethodAccessorImpl.java:43)
	at java.lang.reflect.Method.invoke(Method.java:606)
	at org.gradle.messaging.dispatch.ReflectionDispatch.dispatch(ReflectionDispatch.java:35)
	at org.gradle.messaging.dispatch.ReflectionDispatch.dispatch(ReflectionDispatch.java:24)
	at org.gradle.messaging.dispatch.ContextClassLoaderDispatch.dispatch(ContextClassLoaderDispatch.java:32)
	at org.gradle.messaging.dispatch.ProxyDispatchAdapter$DispatchingInvocationHandler.invoke(ProxyDispatchAdapter.java:93)
	at com.sun.proxy.$Proxy2.processTestClass(Unknown Source)
	at org.gradle.api.internal.tasks.testing.worker.TestWorker.processTestClass(TestWorker.java:106)
	at sun.reflect.GeneratedMethodAccessor108.invoke(Unknown Source)
	at sun.reflect.DelegatingMethodAccessorImpl.invoke(DelegatingMethodAccessorImpl.java:43)
	at java.lang.reflect.Method.invoke(Method.java:606)
	at org.gradle.messaging.dispatch.ReflectionDispatch.dispatch(ReflectionDispatch.java:35)
	at org.gradle.messaging.dispatch.ReflectionDispatch.dispatch(ReflectionDispatch.java:24)
	at org.gradle.messaging.remote.internal.hub.MessageHub$Handler.run(MessageHub.java:360)
	at org.gradle.internal.concurrent.DefaultExecutorFactory$StoppableExecutorImpl$1.run(DefaultExecutorFactory.java:64)
	at java.util.concurrent.ThreadPoolExecutor.runWorker(ThreadPoolExecutor.java:1145)
	at java.util.concurrent.ThreadPoolExecutor$Worker.run(ThreadPoolExecutor.java:615)
	at java.lang.Thread.run(Thread.java:745)
]]></system-err>
</testsuite>
